
========================
Server started at - 23-07-26 16:52:03
========================
23-07-26 16:52:05 - uvicorn.error - INFO - Started server process [9824]
23-07-26 16:52:05 - uvicorn.error - INFO - Started server process [9824]
23-07-26 16:52:05 - uvicorn.error - INFO - Waiting for application startup.
23-07-26 16:52:05 - uvicorn.error - INFO - Waiting for application startup.
23-07-26 16:52:10 - app.helpers.startup.service - INFO - Schema migrations completed.
23-07-26 16:52:11 - app.cron_jobs.sharepoint.sync - INFO - Starting SharePoint background sync scheduler. Triggers daily at: 10:10, 13:10, 16:10, 19:10
23-07-26 16:52:11 - app.cron_jobs.fnf.completed_sync - INFO - Starting F&F SharePoint completed sync scheduler. Triggers every 30 minutes.
23-07-26 16:52:11 - app.cron_jobs.fnf.completed_sync - INFO - Background F&F Scheduler: Initiating sync...
23-07-26 16:52:12 - app.helpers.ff.sharepoint_service - INFO - No cached token found. Requesting a new token from Azure AD.
23-07-26 16:52:12 - app.cron_jobs.fnf.closed_report - INFO - Starting FNF Closed Report scheduler. Triggers daily at: 10:10, 13:10, 16:10, 19:10
23-07-26 16:52:12 - app.cron_jobs.email.automation - INFO - Starting Daily Email Automation scheduler. Triggers daily at 10:00 AM.
23-07-26 16:52:12 - uvicorn.error - INFO - Application startup complete.
23-07-26 16:52:12 - uvicorn.error - INFO - Application startup complete.
23-07-26 16:52:12 - app.helpers.ff.sharepoint_service - INFO - Resolving Site ID from URL: https://graph.microsoft.com/v1.0/sites/adaniltd.sharepoint.com:/sites/AGEL-Automation
23-07-26 16:52:13 - httpx - INFO - HTTP Request: GET https://graph.microsoft.com/v1.0/sites/adaniltd.sharepoint.com:/sites/AGEL-Automation "HTTP/1.1 200 OK"
23-07-26 16:52:13 - app.helpers.ff.sharepoint_service - INFO - Resolved Site ID: adaniltd.sharepoint.com,44ee314c-54d3-4508-9637-5dbe496a2278,ff579cb5-9bd3-4609-86ce-af88900d5111
23-07-26 16:52:13 - app.helpers.ff.sharepoint_service - INFO - Target drive name: 'Shared Documents', path inside drive: 'AI_AGEL/001_AI_Project/AI05_NDC_Tracker'
23-07-26 16:52:13 - app.helpers.ff.sharepoint_service - INFO - No cached token found. Requesting a new token from Azure AD.
23-07-26 16:52:13 - httpx - INFO - HTTP Request: GET https://graph.microsoft.com/v1.0/sites/adaniltd.sharepoint.com,44ee314c-54d3-4508-9637-5dbe496a2278,ff579cb5-9bd3-4609-86ce-af88900d5111/drives "HTTP/1.1 200 OK"
23-07-26 16:52:13 - app.helpers.ff.sharepoint_service - INFO - Resolved Drive ID: b!TDHuRNNUCEWWN12-SWoieLWcV__TmwlGhs6viJANURGvrbfA4oHHTaRW4X5ciAg9
23-07-26 16:52:13 - app.helpers.ff.sharepoint_sync_service - INFO - Checking SharePoint F&F directory: AI_AGEL/001_AI_Project/AI05_NDC_Tracker/F&F_Documents
23-07-26 16:52:14 - app.helpers.ff.sharepoint_service - INFO - No cached token found. Requesting a new token from Azure AD.
23-07-26 16:52:15 - httpx - INFO - HTTP Request: GET https://graph.microsoft.com/v1.0/sites/adaniltd.sharepoint.com,44ee314c-54d3-4508-9637-5dbe496a2278,ff579cb5-9bd3-4609-86ce-af88900d5111/drives/b!TDHuRNNUCEWWN12-SWoieLWcV__TmwlGhs6viJANURGvrbfA4oHHTaRW4X5ciAg9/root:/AI_AGEL/001_AI_Project/AI05_NDC_Tracker/F%26F_Documents:/children "HTTP/1.1 200 OK"
23-07-26 16:52:15 - app.helpers.ff.sharepoint_sync_service - INFO - Found 132 F&F folder(s)/file(s) in SharePoint.
23-07-26 16:52:16 - app.helpers.ff.sharepoint_sync_service - INFO - F&F Completed Sync: Completed 3, Reverted 0 records.
23-07-26 16:52:16 - app.modules.email.service - INFO - Auto F&F Email Sender: Starting check...
23-07-26 16:52:16 - app.modules.email.service - INFO - Auto F&F Email Sender: Found 134 record(s) to process.
23-07-26 16:52:16 - app.modules.email.service - INFO - Auto F&F Email Sender: No F&F document found yet for employee Navin Kushwaha (30193478). Skipping.
23-07-26 16:52:16 - app.modules.email.service - INFO - Auto F&F Email Sender: No F&F document found yet for employee Anubhab Paul (30119894). Skipping.
23-07-26 16:52:16 - app.modules.email.service - INFO - Auto F&F Email Sender: No F&F document found yet for employee Ankush Yadav (30128166). Skipping.
23-07-26 16:52:16 - app.modules.email.service - INFO - Auto F&F Email Sender: No F&F document found yet for employee Sachin Datt Sen (30122299). Skipping.
23-07-26 16:52:16 - app.modules.email.service - INFO - Auto F&F Email Sender: No F&F document found yet for employee Saurav Rohit (30106855). Skipping.
23-07-26 16:52:16 - app.modules.email.service - INFO - Auto F&F Email Sender: No F&F document found yet for employee Akash Deep Kumawat (30126226). Skipping.
23-07-26 16:52:16 - app.modules.email.service - INFO - Auto F&F Email Sender: No F&F document found yet for employee Ravi Bhushan (30015403). Skipping.
23-07-26 16:52:16 - app.modules.email.service - INFO - Auto F&F Email Sender: No F&F document found yet for employee Nripendra Vikram Singh (30138816). Skipping.
23-07-26 16:52:16 - app.modules.email.service - INFO - Auto F&F Email Sender: No F&F document found yet for employee Neeraj Kumar Saini (30104956). Skipping.
23-07-26 16:52:16 - app.modules.email.service - INFO - Auto F&F Email Sender: No F&F document found yet for employee Ravi R (30174776). Skipping.
23-07-26 16:52:16 - app.modules.email.service - INFO - Auto F&F Email Sender: No F&F document found yet for employee Darshan Mokariya (30133225). Skipping.
23-07-26 16:52:16 - app.modules.email.service - INFO - Auto F&F Email Sender: No F&F document found yet for employee Sumay Keshanakurthy (30088330). Skipping.
23-07-26 16:52:16 - app.modules.email.service - INFO - Auto F&F Email Sender: No F&F document found yet for employee Mukesh Kumar (30128289). Skipping.
23-07-26 16:52:16 - app.modules.email.service - INFO - Auto F&F Email Sender: No F&F document found yet for employee Prodip Mondal (30214650). Skipping.
23-07-26 16:52:16 - app.modules.email.service - INFO - Auto F&F Email Sender: No F&F document found yet for employee Abhay Trivedi (30135997). Skipping.
23-07-26 16:52:16 - app.modules.email.service - INFO - Auto F&F Email Sender: No F&F document found yet for employee Debashis Biswas (30124073). Skipping.
23-07-26 16:52:16 - app.modules.email.service - INFO - Auto F&F Email Sender: No F&F document found yet for employee Pritosh Kumar Rav (30193374). Skipping.
23-07-26 16:52:16 - app.modules.email.service - INFO - Auto F&F Email Sender: No F&F document found yet for employee Nikhil Gupta (30193398). Skipping.
23-07-26 16:52:16 - app.modules.email.service - INFO - Auto F&F Email Sender: No F&F document found yet for employee Aditya Giri (30193405). Skipping.
23-07-26 16:52:16 - app.modules.email.service - INFO - Auto F&F Email Sender: No F&F document found yet for employee Shreyash Maddeshiya (30193431). Skipping.
23-07-26 16:52:16 - app.modules.email.service - INFO - Auto F&F Email Sender: No F&F document found yet for employee Shashikant Kumar (30138604). Skipping.
23-07-26 16:52:16 - app.modules.email.service - INFO - Auto F&F Email Sender: No F&F document found yet for employee Dishant Sharma (30128203). Skipping.
23-07-26 16:52:16 - app.modules.email.service - INFO - Auto F&F Email Sender: No F&F document found yet for employee Vikas Kumar (30193326). Skipping.
23-07-26 16:52:16 - app.modules.email.service - INFO - Auto F&F Email Sender: No F&F document found yet for employee Chaitanya Paun (30122796). Skipping.
23-07-26 16:52:16 - app.modules.email.service - INFO - Auto F&F Email Sender: No F&F document found yet for employee Shashikant Mishra (30132999). Skipping.
23-07-26 16:52:16 - app.modules.email.service - INFO - Auto F&F Email Sender: No F&F document found yet for employee Mayurkumar Dulera (30185300). Skipping.
23-07-26 16:52:16 - app.modules.email.service - INFO - Auto F&F Email Sender: No F&F document found yet for employee Soumya Ranjan Rout (30132851). Skipping.
23-07-26 16:52:16 - app.modules.email.service - INFO - Auto F&F Email Sender: No F&F document found yet for employee Konreddy Prasad Reddy (30055143). Skipping.
23-07-26 16:52:16 - app.modules.email.service - INFO - Auto F&F Email Sender: No F&F document found yet for employee Shubham Kumar (30079127). Skipping.
23-07-26 16:52:16 - app.modules.email.service - INFO - Auto F&F Email Sender: No F&F document found yet for employee Rituraj Jha (30079622). Skipping.
23-07-26 16:52:16 - app.modules.email.service - INFO - Auto F&F Email Sender: No F&F document found yet for employee Yogeswara Rao (30104955). Skipping.
23-07-26 16:52:16 - app.modules.email.service - INFO - Auto F&F Email Sender: No F&F document found yet for employee Ashwini Saraswat (30141685). Skipping.
23-07-26 16:52:16 - app.modules.email.service - INFO - Auto F&F Email Sender: No F&F document found yet for employee Roop Chand (30121400). Skipping.
23-07-26 16:52:16 - app.modules.email.service - INFO - Auto F&F Email Sender: No F&F document found yet for employee Rohit Kumar (30153662). Skipping.
23-07-26 16:52:16 - app.modules.email.service - INFO - Auto F&F Email Sender: No F&F document found yet for employee Sairaj Mulange (30107279). Skipping.
23-07-26 16:52:16 - app.modules.email.service - INFO - Auto F&F Email Sender: No F&F document found yet for employee Akshar Bumatariya (30136026). Skipping.
23-07-26 16:52:16 - app.modules.email.service - INFO - Auto F&F Email Sender: No F&F document found yet for employee Rohit Asthana (30150942). Skipping.
23-07-26 16:52:16 - app.modules.email.service - INFO - Auto F&F Email Sender: No F&F document found yet for employee Kedar Raval (30121426). Skipping.
23-07-26 16:52:16 - app.modules.email.service - INFO - Auto F&F Email Sender: No F&F document found yet for employee Amrit Lal (30128233). Skipping.
23-07-26 16:52:16 - app.modules.email.service - INFO - Auto F&F Email Sender: No F&F document found yet for employee Alok Kumar (30124522). Skipping.
23-07-26 16:52:16 - app.modules.email.service - INFO - Auto F&F Email Sender: No F&F document found yet for employee Vinay Thumbalam (30055010). Skipping.
23-07-26 16:52:16 - app.modules.email.service - INFO - Auto F&F Email Sender: No F&F document found yet for employee Munandra Singh (30133632). Skipping.
23-07-26 16:52:16 - app.modules.email.service - INFO - Auto F&F Email Sender: No F&F document found yet for employee Ranbahadur Singh (30094498). Skipping.
23-07-26 16:52:16 - app.modules.email.service - INFO - Auto F&F Email Sender: No F&F document found yet for employee Mukesh Pal (30121947). Skipping.
23-07-26 16:52:16 - app.modules.email.service - INFO - Auto F&F Email Sender: No F&F document found yet for employee Jaydip Talaviya (30033303). Skipping.
23-07-26 16:52:16 - app.modules.email.service - INFO - Auto F&F Email Sender: No F&F document found yet for employee Hardik Vadiya (30125554). Skipping.
23-07-26 16:52:16 - app.modules.email.service - INFO - Auto F&F Email Sender: No F&F document found yet for employee Lokesh Suman (30128118). Skipping.
23-07-26 16:52:16 - app.modules.email.service - INFO - Auto F&F Email Sender: No F&F document found yet for employee Chintarapu Vijayakumar Reddy (30062222). Skipping.
23-07-26 16:52:16 - app.modules.email.service - INFO - Auto F&F Email Sender: No F&F document found yet for employee Aditya Gupta (30067117). Skipping.
23-07-26 16:52:16 - app.modules.email.service - INFO - Auto F&F Email Sender: No F&F document found yet for employee P. Siddhartha Sarathi (30139629). Skipping.
23-07-26 16:52:16 - app.modules.email.service - INFO - Auto F&F Email Sender: No F&F document found yet for employee Athira T M (30184452). Skipping.
23-07-26 16:52:16 - app.modules.email.service - INFO - Auto F&F Email Sender: No F&F document found yet for employee Manas Vashistha (30156114). Skipping.
23-07-26 16:52:16 - app.modules.email.service - INFO - Auto F&F Email Sender: No F&F document found yet for employee Ketan Gojiya (30199076). Skipping.
23-07-26 16:52:16 - app.modules.email.service - INFO - Auto F&F Email Sender: No F&F document found yet for employee Ashish Kumar Singh (30141080). Skipping.
23-07-26 16:52:16 - app.modules.email.service - INFO - Auto F&F Email Sender: No F&F document found yet for employee Piyush Raj (30136244). Skipping.
23-07-26 16:52:16 - app.modules.email.service - INFO - Auto F&F Email Sender: No F&F document found yet for employee Parth Trivedi (30131377). Skipping.
23-07-26 16:52:16 - app.modules.email.service - INFO - Auto F&F Email Sender: No F&F document found yet for employee Ashok Negi (30095651). Skipping.
23-07-26 16:52:16 - app.modules.email.service - INFO - Auto F&F Email Sender: No F&F document found yet for employee Tarnish Panchal (30068110). Skipping.
23-07-26 16:52:16 - app.modules.email.service - INFO - Auto F&F Email Sender: No F&F document found yet for employee Fulchand Ukey (30115934). Skipping.
23-07-26 16:52:16 - app.modules.email.service - INFO - Auto F&F Email Sender: No F&F document found yet for employee Prince Agravat (30136022). Skipping.
23-07-26 16:52:16 - app.modules.email.service - INFO - Auto F&F Email Sender: No F&F document found yet for employee Arpan Sahu (30131657). Skipping.
23-07-26 16:52:16 - app.modules.email.service - INFO - Auto F&F Email Sender: No F&F document found yet for employee ArunKumar Ojha (30132990). Skipping.
23-07-26 16:52:16 - app.modules.email.service - INFO - Auto F&F Email Sender: No F&F document found yet for employee Ravishankar Kumar (30137820). Skipping.
23-07-26 16:52:16 - app.modules.email.service - INFO - Auto F&F Email Sender: No F&F document found yet for employee Jaswant Rajpurohit (30144704). Skipping.
23-07-26 16:52:16 - app.modules.email.service - INFO - Auto F&F Email Sender: No F&F document found yet for employee Sushil Kumar (30132307). Skipping.
23-07-26 16:52:16 - app.modules.email.service - INFO - Auto F&F Email Sender: No F&F document found yet for employee Rahul Kumar (30138821). Skipping.
23-07-26 16:52:16 - app.modules.email.service - INFO - Auto F&F Email Sender: No F&F document found yet for employee Bharat Kumar Joshi (30061897). Skipping.
23-07-26 16:52:16 - app.modules.email.service - INFO - Auto F&F Email Sender: No F&F document found yet for employee Dhaval Patel (30054376). Skipping.
23-07-26 16:52:16 - app.modules.email.service - INFO - Auto F&F Email Sender: No F&F document found yet for employee Rohit Singh (30073951). Skipping.
23-07-26 16:52:16 - app.modules.email.service - INFO - Auto F&F Email Sender: No F&F document found yet for employee Kiran Kumar Pilli (30081658). Skipping.
23-07-26 16:52:16 - app.modules.email.service - INFO - Auto F&F Email Sender: No F&F document found yet for employee Pankaj Kumar (30135759). Skipping.
23-07-26 16:52:16 - app.modules.email.service - INFO - Auto F&F Email Sender: No F&F document found yet for employee Niranjan Kumar Panchal (30122463). Skipping.
23-07-26 16:52:16 - app.modules.email.service - INFO - Auto F&F Email Sender: No F&F document found yet for employee Yogesh Tripathi (30182163). Skipping.
23-07-26 16:52:16 - app.modules.email.service - INFO - Auto F&F Email Sender: No F&F document found yet for employee Rakesh Beniwal (30128248). Skipping.
23-07-26 16:52:16 - app.modules.email.service - INFO - Auto F&F Email Sender: No F&F document found yet for employee Ankit Velani (30017177). Skipping.
23-07-26 16:52:16 - app.modules.email.service - INFO - Auto F&F Email Sender: No F&F document found yet for employee Abhishek Pradhan (30142467). Skipping.
23-07-26 16:52:16 - app.modules.email.service - INFO - Auto F&F Email Sender: No F&F document found yet for employee Nasib Singh Kadian (30124627). Skipping.
23-07-26 16:52:16 - app.modules.email.service - INFO - Auto F&F Email Sender: No F&F document found yet for employee Sukhveer . (30128167). Skipping.
23-07-26 16:52:16 - app.modules.email.service - INFO - Auto F&F Email Sender: No F&F document found yet for employee Anand Jagdale (30140549). Skipping.
23-07-26 16:52:16 - app.modules.email.service - INFO - Auto F&F Email Sender: No F&F document found yet for employee Mohammad Shamsuddin Ansari (30045476). Skipping.
23-07-26 16:52:16 - app.modules.email.service - INFO - Auto F&F Email Sender: No F&F document found yet for employee Nitish Kumar (30143990). Skipping.
23-07-26 16:52:16 - app.modules.email.service - INFO - Auto F&F Email Sender: No F&F document found yet for employee Arun Kumar Singh (30132287). Skipping.
23-07-26 16:52:16 - app.modules.email.service - INFO - Auto F&F Email Sender: No F&F document found yet for employee Rajnish Mishra (30119152). Skipping.
23-07-26 16:52:16 - app.modules.email.service - INFO - Auto F&F Email Sender: No F&F document found yet for employee Alap Patel (30008672). Skipping.
23-07-26 16:52:16 - app.modules.email.service - INFO - Auto F&F Email Sender: No F&F document found yet for employee Uday Singh (30079124). Skipping.
23-07-26 16:52:16 - app.modules.email.service - INFO - Auto F&F Email Sender: No F&F document found yet for employee Kiran A (30130503). Skipping.
23-07-26 16:52:16 - app.modules.email.service - INFO - Auto F&F Email Sender: No F&F document found yet for employee Nilesh Bhalgamiya (30149287). Skipping.
23-07-26 16:52:16 - app.modules.email.service - INFO - Auto F&F Email Sender: No F&F document found yet for employee Sathishkumar M (30144818). Skipping.
23-07-26 16:52:16 - app.modules.email.service - INFO - Auto F&F Email Sender: No F&F document found yet for employee Debashis Mallick (30148752). Skipping.
23-07-26 16:52:16 - app.modules.email.service - INFO - Auto F&F Email Sender: No F&F document found yet for employee Kumararaja Sankaran (30115935). Skipping.
23-07-26 16:52:16 - app.modules.email.service - INFO - Auto F&F Email Sender: No F&F document found yet for employee Shambhu Gupta (30165032). Skipping.
23-07-26 16:52:16 - app.modules.email.service - INFO - Auto F&F Email Sender: No F&F document found yet for employee Ramesh R (30125168). Skipping.
23-07-26 16:52:16 - app.modules.email.service - INFO - Auto F&F Email Sender: No F&F document found yet for employee Ankit Badwaik (30066491). Skipping.
23-07-26 16:52:16 - app.modules.email.service - INFO - Auto F&F Email Sender: No F&F document found yet for employee Mallesh Gangarapu (30134432). Skipping.
23-07-26 16:52:16 - app.modules.email.service - INFO - Auto F&F Email Sender: No F&F document found yet for employee Karan Hingrajia (30073541). Skipping.
23-07-26 16:52:16 - app.modules.email.service - INFO - Auto F&F Email Sender: No F&F document found yet for employee Sravan Kumar Vadlakonda (30144882). Skipping.
23-07-26 16:52:16 - app.modules.email.service - INFO - Auto F&F Email Sender: No F&F document found yet for employee Nikunjkumar Gohil (30146461). Skipping.
23-07-26 16:52:16 - app.modules.email.service - INFO - Auto F&F Email Sender: No F&F document found yet for employee Abhishek Kumar Singh (30146460). Skipping.
23-07-26 16:52:16 - app.modules.email.service - INFO - Auto F&F Email Sender: No F&F document found yet for employee Romank Joshi (30143608). Skipping.
23-07-26 16:52:16 - app.modules.email.service - INFO - Auto F&F Email Sender: No F&F document found yet for employee Kancharla Ramu (30149192). Skipping.
23-07-26 16:52:16 - app.modules.email.service - INFO - Auto F&F Email Sender: No F&F document found yet for employee Ashish Vijaywargi (30015728). Skipping.
23-07-26 16:52:16 - app.modules.email.service - INFO - Auto F&F Email Sender: No F&F document found yet for employee Subhash Chouhan (30132979). Skipping.
23-07-26 16:52:16 - app.modules.email.service - INFO - Auto F&F Email Sender: No F&F document found yet for employee Prakhar Bhardwaj (30055113). Skipping.
23-07-26 16:52:16 - app.modules.email.service - INFO - Auto F&F Email Sender: No F&F document found yet for employee Ananth Raju (30166392). Skipping.
23-07-26 16:52:16 - app.modules.email.service - INFO - Auto F&F Email Sender: No F&F document found yet for employee Deepsingh Rajput (30020705). Skipping.
23-07-26 16:52:16 - app.modules.email.service - INFO - Auto F&F Email Sender: No F&F document found yet for employee Naveen Kumar Singh (30175638). Skipping.
23-07-26 16:52:16 - app.modules.email.service - INFO - Auto F&F Email Sender: No F&F document found yet for employee Dinesh Chahar (30121463). Skipping.
23-07-26 16:52:16 - app.modules.email.service - INFO - Auto F&F Email Sender: No F&F document found yet for employee Anil Kumar (30141689). Skipping.
23-07-26 16:52:16 - app.modules.email.service - INFO - Auto F&F Email Sender: No F&F document found yet for employee Vipin Gaur (30121931). Skipping.
23-07-26 16:52:16 - app.modules.email.service - INFO - Auto F&F Email Sender: No F&F document found yet for employee Manoj Kumar Singh (30135169). Skipping.
23-07-26 16:52:16 - app.modules.email.service - INFO - Auto F&F Email Sender: No F&F document found yet for employee Atul Mishra (30146965). Skipping.
23-07-26 16:52:16 - app.modules.email.service - INFO - Auto F&F Email Sender: No F&F document found yet for employee Annavarapu Srikanth (30126438). Skipping.
23-07-26 16:52:16 - app.modules.email.service - INFO - Auto F&F Email Sender: No F&F document found yet for employee Sharad Singh (30031097). Skipping.
23-07-26 16:52:16 - app.modules.email.service - INFO - Auto F&F Email Sender: No F&F document found yet for employee Narendra Kumar Mahanta (30148093). Skipping.
23-07-26 16:52:16 - app.modules.email.service - INFO - Auto F&F Email Sender: No F&F document found yet for employee G Pullapuraju (30143609). Skipping.
23-07-26 16:52:16 - app.modules.email.service - INFO - Auto F&F Email Sender: No F&F document found yet for employee Devendrakumar Parihar (30062812). Skipping.
23-07-26 16:52:16 - app.modules.email.service - INFO - Auto F&F Email Sender: No F&F document found yet for employee Maunank Darji (30018452). Skipping.
23-07-26 16:52:16 - app.modules.email.service - INFO - Auto F&F Email Sender: No F&F document found yet for employee Bhupendra Kumar Suman (30127989). Skipping.
23-07-26 16:52:16 - app.modules.email.service - INFO - Auto F&F Email Sender: No F&F document found yet for employee Mukul Dabhi (30140601). Skipping.
23-07-26 16:52:16 - app.modules.email.service - INFO - Auto F&F Email Sender: No F&F document found yet for employee Pradyuman Singh (30128262). Skipping.
23-07-26 16:52:16 - app.modules.email.service - INFO - Auto F&F Email Sender: No F&F document found yet for employee Vikas Deep Sisodiya (30199478). Skipping.
23-07-26 16:52:16 - app.modules.email.service - INFO - Auto F&F Email Sender: No F&F document found yet for employee Shiva Mishra (30176105). Skipping.
23-07-26 16:52:16 - app.modules.email.service - INFO - Auto F&F Email Sender: No F&F document found yet for employee Dhaval Bhatti (30115522). Skipping.
23-07-26 16:52:16 - app.modules.email.service - INFO - Auto F&F Email Sender: No F&F document found yet for employee Rishabh Pareek (30092312). Skipping.
23-07-26 16:52:16 - app.modules.email.service - INFO - Auto F&F Email Sender: No F&F document found yet for employee LokeshKumar Sharma (30132980). Skipping.
23-07-26 16:52:16 - app.modules.email.service - INFO - Auto F&F Email Sender: No F&F document found yet for employee Rishabh Saxena (30151967). Skipping.
23-07-26 16:52:16 - app.modules.email.service - INFO - Auto F&F Email Sender: No F&F document found yet for employee Vinod Gundawar (30028616). Skipping.
23-07-26 16:52:16 - app.modules.email.service - INFO - Auto F&F Email Sender: No F&F document found yet for employee Kishan Meghnathi (30119040). Skipping.
23-07-26 16:52:16 - app.modules.email.service - INFO - Auto F&F Email Sender: No F&F document found yet for employee Devanshu Agarwal (30128006). Skipping.
23-07-26 16:52:16 - app.modules.email.service - INFO - Auto F&F Email Sender: No F&F document found yet for employee Shailendra Kumar (30079146). Skipping.
23-07-26 16:52:16 - app.cron_jobs.fnf.completed_sync - INFO - Background F&F Scheduler: Successfully synced F&F status - Completed: 3, Reverted: 0.
23-07-26 16:52:28 - uvicorn.access - INFO - 127.0.0.1:61230 - "POST /api/auth/login HTTP/1.1" 401
23-07-26 16:54:32 - uvicorn.error - INFO - Shutting down
23-07-26 16:54:32 - uvicorn.error - INFO - Shutting down
23-07-26 16:54:32 - uvicorn.error - INFO - Waiting for application shutdown.
23-07-26 16:54:32 - uvicorn.error - INFO - Waiting for application shutdown.
23-07-26 16:54:32 - app.cron_jobs.sharepoint.sync - INFO - Background Scheduler sleep cancelled.
23-07-26 16:54:32 - app.cron_jobs.fnf.completed_sync - INFO - Background F&F Scheduler sleep cancelled.
23-07-26 16:54:32 - app.cron_jobs.fnf.closed_report - INFO - FNF Closed Report Scheduler sleep cancelled.
23-07-26 16:54:32 - app.cron_jobs.email.automation - INFO - Background Email Scheduler sleep cancelled.
23-07-26 16:54:32 - uvicorn.error - INFO - Application shutdown complete.
23-07-26 16:54:32 - uvicorn.error - INFO - Application shutdown complete.
23-07-26 16:54:32 - uvicorn.error - INFO - Finished server process [9824]
23-07-26 16:54:32 - uvicorn.error - INFO - Finished server process [9824]
23-07-26 16:54:37 - uvicorn.error - INFO - Started server process [6304]
23-07-26 16:54:37 - uvicorn.error - INFO - Started server process [6304]
23-07-26 16:54:37 - uvicorn.error - INFO - Waiting for application startup.
23-07-26 16:54:37 - uvicorn.error - INFO - Waiting for application startup.
23-07-26 16:54:42 - app.helpers.startup.service - INFO - Schema migrations completed.
23-07-26 16:54:42 - app.helpers.startup.service - INFO - Ensuring super admin privileges: tathagat.vyas@adani.com
23-07-26 16:54:42 - app.cron_jobs.sharepoint.sync - INFO - Starting SharePoint background sync scheduler. Triggers daily at: 10:10, 13:10, 16:10, 19:10
23-07-26 16:54:42 - app.cron_jobs.fnf.completed_sync - INFO - Starting F&F SharePoint completed sync scheduler. Triggers every 30 minutes.
23-07-26 16:54:42 - app.cron_jobs.fnf.completed_sync - INFO - Background F&F Scheduler: Initiating sync...
23-07-26 16:54:43 - app.helpers.ff.sharepoint_service - INFO - No cached token found. Requesting a new token from Azure AD.
23-07-26 16:54:43 - app.cron_jobs.fnf.closed_report - INFO - Starting FNF Closed Report scheduler. Triggers daily at: 10:10, 13:10, 16:10, 19:10
23-07-26 16:54:43 - app.cron_jobs.email.automation - INFO - Starting Daily Email Automation scheduler. Triggers daily at 10:00 AM.
23-07-26 16:54:43 - uvicorn.error - INFO - Application startup complete.
23-07-26 16:54:43 - uvicorn.error - INFO - Application startup complete.
23-07-26 16:54:43 - app.helpers.ff.sharepoint_service - INFO - Resolving Site ID from URL: https://graph.microsoft.com/v1.0/sites/adaniltd.sharepoint.com:/sites/AGEL-Automation
23-07-26 16:54:43 - httpx - INFO - HTTP Request: GET https://graph.microsoft.com/v1.0/sites/adaniltd.sharepoint.com:/sites/AGEL-Automation "HTTP/1.1 200 OK"
23-07-26 16:54:43 - app.helpers.ff.sharepoint_service - INFO - Resolved Site ID: adaniltd.sharepoint.com,44ee314c-54d3-4508-9637-5dbe496a2278,ff579cb5-9bd3-4609-86ce-af88900d5111
23-07-26 16:54:43 - app.helpers.ff.sharepoint_service - INFO - Target drive name: 'Shared Documents', path inside drive: 'AI_AGEL/001_AI_Project/AI05_NDC_Tracker'
23-07-26 16:54:44 - app.helpers.ff.sharepoint_service - INFO - No cached token found. Requesting a new token from Azure AD.
23-07-26 16:54:44 - httpx - INFO - HTTP Request: GET https://graph.microsoft.com/v1.0/sites/adaniltd.sharepoint.com,44ee314c-54d3-4508-9637-5dbe496a2278,ff579cb5-9bd3-4609-86ce-af88900d5111/drives "HTTP/1.1 200 OK"
23-07-26 16:54:44 - app.helpers.ff.sharepoint_service - INFO - Resolved Drive ID: b!TDHuRNNUCEWWN12-SWoieLWcV__TmwlGhs6viJANURGvrbfA4oHHTaRW4X5ciAg9
23-07-26 16:54:44 - app.helpers.ff.sharepoint_sync_service - INFO - Checking SharePoint F&F directory: AI_AGEL/001_AI_Project/AI05_NDC_Tracker/F&F_Documents
23-07-26 16:54:45 - app.helpers.ff.sharepoint_service - INFO - No cached token found. Requesting a new token from Azure AD.
23-07-26 16:54:45 - httpx - INFO - HTTP Request: GET https://graph.microsoft.com/v1.0/sites/adaniltd.sharepoint.com,44ee314c-54d3-4508-9637-5dbe496a2278,ff579cb5-9bd3-4609-86ce-af88900d5111/drives/b!TDHuRNNUCEWWN12-SWoieLWcV__TmwlGhs6viJANURGvrbfA4oHHTaRW4X5ciAg9/root:/AI_AGEL/001_AI_Project/AI05_NDC_Tracker/F%26F_Documents:/children "HTTP/1.1 200 OK"
23-07-26 16:54:45 - app.helpers.ff.sharepoint_sync_service - INFO - Found 132 F&F folder(s)/file(s) in SharePoint.
23-07-26 16:54:45 - app.modules.email.service - INFO - Auto F&F Email Sender: Starting check...
23-07-26 16:54:46 - app.modules.email.service - INFO - Auto F&F Email Sender: Found 134 record(s) to process.
23-07-26 16:54:46 - app.modules.email.service - INFO - Auto F&F Email Sender: No F&F document found yet for employee Navin Kushwaha (30193478). Skipping.
23-07-26 16:54:46 - app.modules.email.service - INFO - Auto F&F Email Sender: No F&F document found yet for employee Anubhab Paul (30119894). Skipping.
23-07-26 16:54:46 - app.modules.email.service - INFO - Auto F&F Email Sender: No F&F document found yet for employee Ankush Yadav (30128166). Skipping.
23-07-26 16:54:46 - app.modules.email.service - INFO - Auto F&F Email Sender: No F&F document found yet for employee Sachin Datt Sen (30122299). Skipping.
23-07-26 16:54:46 - app.modules.email.service - INFO - Auto F&F Email Sender: No F&F document found yet for employee Saurav Rohit (30106855). Skipping.
23-07-26 16:54:46 - app.modules.email.service - INFO - Auto F&F Email Sender: No F&F document found yet for employee Akash Deep Kumawat (30126226). Skipping.
23-07-26 16:54:46 - app.modules.email.service - INFO - Auto F&F Email Sender: No F&F document found yet for employee Ravi Bhushan (30015403). Skipping.
23-07-26 16:54:46 - app.modules.email.service - INFO - Auto F&F Email Sender: No F&F document found yet for employee Nripendra Vikram Singh (30138816). Skipping.
23-07-26 16:54:46 - app.modules.email.service - INFO - Auto F&F Email Sender: No F&F document found yet for employee Neeraj Kumar Saini (30104956). Skipping.
23-07-26 16:54:46 - app.modules.email.service - INFO - Auto F&F Email Sender: No F&F document found yet for employee Ravi R (30174776). Skipping.
23-07-26 16:54:46 - app.modules.email.service - INFO - Auto F&F Email Sender: No F&F document found yet for employee Darshan Mokariya (30133225). Skipping.
23-07-26 16:54:46 - app.modules.email.service - INFO - Auto F&F Email Sender: No F&F document found yet for employee Sumay Keshanakurthy (30088330). Skipping.
23-07-26 16:54:46 - app.modules.email.service - INFO - Auto F&F Email Sender: No F&F document found yet for employee Mukesh Kumar (30128289). Skipping.
23-07-26 16:54:46 - app.modules.email.service - INFO - Auto F&F Email Sender: No F&F document found yet for employee Prodip Mondal (30214650). Skipping.
23-07-26 16:54:46 - app.modules.email.service - INFO - Auto F&F Email Sender: No F&F document found yet for employee Abhay Trivedi (30135997). Skipping.
23-07-26 16:54:46 - app.modules.email.service - INFO - Auto F&F Email Sender: No F&F document found yet for employee Debashis Biswas (30124073). Skipping.
23-07-26 16:54:46 - app.modules.email.service - INFO - Auto F&F Email Sender: No F&F document found yet for employee Pritosh Kumar Rav (30193374). Skipping.
23-07-26 16:54:46 - app.modules.email.service - INFO - Auto F&F Email Sender: No F&F document found yet for employee Nikhil Gupta (30193398). Skipping.
23-07-26 16:54:46 - app.modules.email.service - INFO - Auto F&F Email Sender: No F&F document found yet for employee Aditya Giri (30193405). Skipping.
23-07-26 16:54:46 - app.modules.email.service - INFO - Auto F&F Email Sender: No F&F document found yet for employee Shreyash Maddeshiya (30193431). Skipping.
23-07-26 16:54:46 - app.modules.email.service - INFO - Auto F&F Email Sender: No F&F document found yet for employee Shashikant Kumar (30138604). Skipping.
23-07-26 16:54:46 - app.modules.email.service - INFO - Auto F&F Email Sender: No F&F document found yet for employee Dishant Sharma (30128203). Skipping.
23-07-26 16:54:46 - app.modules.email.service - INFO - Auto F&F Email Sender: No F&F document found yet for employee Vikas Kumar (30193326). Skipping.
23-07-26 16:54:46 - app.modules.email.service - INFO - Auto F&F Email Sender: No F&F document found yet for employee Chaitanya Paun (30122796). Skipping.
23-07-26 16:54:46 - app.modules.email.service - INFO - Auto F&F Email Sender: No F&F document found yet for employee Shashikant Mishra (30132999). Skipping.
23-07-26 16:54:46 - app.modules.email.service - INFO - Auto F&F Email Sender: No F&F document found yet for employee Mayurkumar Dulera (30185300). Skipping.
23-07-26 16:54:46 - app.modules.email.service - INFO - Auto F&F Email Sender: No F&F document found yet for employee Soumya Ranjan Rout (30132851). Skipping.
23-07-26 16:54:46 - app.modules.email.service - INFO - Auto F&F Email Sender: No F&F document found yet for employee Konreddy Prasad Reddy (30055143). Skipping.
23-07-26 16:54:46 - app.modules.email.service - INFO - Auto F&F Email Sender: No F&F document found yet for employee Shubham Kumar (30079127). Skipping.
23-07-26 16:54:46 - app.modules.email.service - INFO - Auto F&F Email Sender: No F&F document found yet for employee Rituraj Jha (30079622). Skipping.
23-07-26 16:54:46 - app.modules.email.service - INFO - Auto F&F Email Sender: No F&F document found yet for employee Yogeswara Rao (30104955). Skipping.
23-07-26 16:54:46 - app.modules.email.service - INFO - Auto F&F Email Sender: No F&F document found yet for employee Ashwini Saraswat (30141685). Skipping.
23-07-26 16:54:46 - app.modules.email.service - INFO - Auto F&F Email Sender: No F&F document found yet for employee Roop Chand (30121400). Skipping.
23-07-26 16:54:46 - app.modules.email.service - INFO - Auto F&F Email Sender: No F&F document found yet for employee Rohit Kumar (30153662). Skipping.
23-07-26 16:54:46 - app.modules.email.service - INFO - Auto F&F Email Sender: No F&F document found yet for employee Sairaj Mulange (30107279). Skipping.
23-07-26 16:54:46 - app.modules.email.service - INFO - Auto F&F Email Sender: No F&F document found yet for employee Akshar Bumatariya (30136026). Skipping.
23-07-26 16:54:46 - app.modules.email.service - INFO - Auto F&F Email Sender: No F&F document found yet for employee Rohit Asthana (30150942). Skipping.
23-07-26 16:54:46 - app.modules.email.service - INFO - Auto F&F Email Sender: No F&F document found yet for employee Kedar Raval (30121426). Skipping.
23-07-26 16:54:46 - app.modules.email.service - INFO - Auto F&F Email Sender: No F&F document found yet for employee Amrit Lal (30128233). Skipping.
23-07-26 16:54:46 - app.modules.email.service - INFO - Auto F&F Email Sender: No F&F document found yet for employee Alok Kumar (30124522). Skipping.
23-07-26 16:54:46 - app.modules.email.service - INFO - Auto F&F Email Sender: No F&F document found yet for employee Vinay Thumbalam (30055010). Skipping.
23-07-26 16:54:46 - app.modules.email.service - INFO - Auto F&F Email Sender: No F&F document found yet for employee Munandra Singh (30133632). Skipping.
23-07-26 16:54:46 - app.modules.email.service - INFO - Auto F&F Email Sender: No F&F document found yet for employee Ranbahadur Singh (30094498). Skipping.
23-07-26 16:54:46 - app.modules.email.service - INFO - Auto F&F Email Sender: No F&F document found yet for employee Mukesh Pal (30121947). Skipping.
23-07-26 16:54:46 - app.modules.email.service - INFO - Auto F&F Email Sender: No F&F document found yet for employee Jaydip Talaviya (30033303). Skipping.
23-07-26 16:54:46 - app.modules.email.service - INFO - Auto F&F Email Sender: No F&F document found yet for employee Hardik Vadiya (30125554). Skipping.
23-07-26 16:54:46 - app.modules.email.service - INFO - Auto F&F Email Sender: No F&F document found yet for employee Lokesh Suman (30128118). Skipping.
23-07-26 16:54:46 - app.modules.email.service - INFO - Auto F&F Email Sender: No F&F document found yet for employee Chintarapu Vijayakumar Reddy (30062222). Skipping.
23-07-26 16:54:46 - app.modules.email.service - INFO - Auto F&F Email Sender: No F&F document found yet for employee Aditya Gupta (30067117). Skipping.
23-07-26 16:54:46 - app.modules.email.service - INFO - Auto F&F Email Sender: No F&F document found yet for employee P. Siddhartha Sarathi (30139629). Skipping.
23-07-26 16:54:46 - app.modules.email.service - INFO - Auto F&F Email Sender: No F&F document found yet for employee Athira T M (30184452). Skipping.
23-07-26 16:54:46 - app.modules.email.service - INFO - Auto F&F Email Sender: No F&F document found yet for employee Manas Vashistha (30156114). Skipping.
23-07-26 16:54:46 - app.modules.email.service - INFO - Auto F&F Email Sender: No F&F document found yet for employee Ketan Gojiya (30199076). Skipping.
23-07-26 16:54:46 - app.modules.email.service - INFO - Auto F&F Email Sender: No F&F document found yet for employee Ashish Kumar Singh (30141080). Skipping.
23-07-26 16:54:46 - app.modules.email.service - INFO - Auto F&F Email Sender: No F&F document found yet for employee Piyush Raj (30136244). Skipping.
23-07-26 16:54:46 - app.modules.email.service - INFO - Auto F&F Email Sender: No F&F document found yet for employee Parth Trivedi (30131377). Skipping.
23-07-26 16:54:46 - app.modules.email.service - INFO - Auto F&F Email Sender: No F&F document found yet for employee Ashok Negi (30095651). Skipping.
23-07-26 16:54:46 - app.modules.email.service - INFO - Auto F&F Email Sender: No F&F document found yet for employee Tarnish Panchal (30068110). Skipping.
23-07-26 16:54:46 - app.modules.email.service - INFO - Auto F&F Email Sender: No F&F document found yet for employee Fulchand Ukey (30115934). Skipping.
23-07-26 16:54:46 - app.modules.email.service - INFO - Auto F&F Email Sender: No F&F document found yet for employee Prince Agravat (30136022). Skipping.
23-07-26 16:54:46 - app.modules.email.service - INFO - Auto F&F Email Sender: No F&F document found yet for employee Arpan Sahu (30131657). Skipping.
23-07-26 16:54:46 - app.modules.email.service - INFO - Auto F&F Email Sender: No F&F document found yet for employee ArunKumar Ojha (30132990). Skipping.
23-07-26 16:54:46 - app.modules.email.service - INFO - Auto F&F Email Sender: No F&F document found yet for employee Ravishankar Kumar (30137820). Skipping.
23-07-26 16:54:46 - app.modules.email.service - INFO - Auto F&F Email Sender: No F&F document found yet for employee Jaswant Rajpurohit (30144704). Skipping.
23-07-26 16:54:46 - app.modules.email.service - INFO - Auto F&F Email Sender: No F&F document found yet for employee Sushil Kumar (30132307). Skipping.
23-07-26 16:54:46 - app.modules.email.service - INFO - Auto F&F Email Sender: No F&F document found yet for employee Rahul Kumar (30138821). Skipping.
23-07-26 16:54:46 - app.modules.email.service - INFO - Auto F&F Email Sender: No F&F document found yet for employee Bharat Kumar Joshi (30061897). Skipping.
23-07-26 16:54:46 - app.modules.email.service - INFO - Auto F&F Email Sender: No F&F document found yet for employee Dhaval Patel (30054376). Skipping.
23-07-26 16:54:46 - app.modules.email.service - INFO - Auto F&F Email Sender: No F&F document found yet for employee Rohit Singh (30073951). Skipping.
23-07-26 16:54:46 - app.modules.email.service - INFO - Auto F&F Email Sender: No F&F document found yet for employee Kiran Kumar Pilli (30081658). Skipping.
23-07-26 16:54:46 - app.modules.email.service - INFO - Auto F&F Email Sender: No F&F document found yet for employee Pankaj Kumar (30135759). Skipping.
23-07-26 16:54:46 - app.modules.email.service - INFO - Auto F&F Email Sender: No F&F document found yet for employee Niranjan Kumar Panchal (30122463). Skipping.
23-07-26 16:54:46 - app.modules.email.service - INFO - Auto F&F Email Sender: No F&F document found yet for employee Yogesh Tripathi (30182163). Skipping.
23-07-26 16:54:46 - app.modules.email.service - INFO - Auto F&F Email Sender: No F&F document found yet for employee Rakesh Beniwal (30128248). Skipping.
23-07-26 16:54:46 - app.modules.email.service - INFO - Auto F&F Email Sender: No F&F document found yet for employee Ankit Velani (30017177). Skipping.
23-07-26 16:54:46 - app.modules.email.service - INFO - Auto F&F Email Sender: No F&F document found yet for employee Abhishek Pradhan (30142467). Skipping.
23-07-26 16:54:46 - app.modules.email.service - INFO - Auto F&F Email Sender: No F&F document found yet for employee Nasib Singh Kadian (30124627). Skipping.
23-07-26 16:54:46 - app.modules.email.service - INFO - Auto F&F Email Sender: No F&F document found yet for employee Sukhveer . (30128167). Skipping.
23-07-26 16:54:46 - app.modules.email.service - INFO - Auto F&F Email Sender: No F&F document found yet for employee Anand Jagdale (30140549). Skipping.
23-07-26 16:54:46 - app.modules.email.service - INFO - Auto F&F Email Sender: No F&F document found yet for employee Mohammad Shamsuddin Ansari (30045476). Skipping.
23-07-26 16:54:46 - app.modules.email.service - INFO - Auto F&F Email Sender: No F&F document found yet for employee Nitish Kumar (30143990). Skipping.
23-07-26 16:54:46 - app.modules.email.service - INFO - Auto F&F Email Sender: No F&F document found yet for employee Arun Kumar Singh (30132287). Skipping.
23-07-26 16:54:46 - app.modules.email.service - INFO - Auto F&F Email Sender: No F&F document found yet for employee Rajnish Mishra (30119152). Skipping.
23-07-26 16:54:46 - app.modules.email.service - INFO - Auto F&F Email Sender: No F&F document found yet for employee Alap Patel (30008672). Skipping.
23-07-26 16:54:46 - app.modules.email.service - INFO - Auto F&F Email Sender: No F&F document found yet for employee Uday Singh (30079124). Skipping.
23-07-26 16:54:46 - app.modules.email.service - INFO - Auto F&F Email Sender: No F&F document found yet for employee Kiran A (30130503). Skipping.
23-07-26 16:54:46 - app.modules.email.service - INFO - Auto F&F Email Sender: No F&F document found yet for employee Nilesh Bhalgamiya (30149287). Skipping.
23-07-26 16:54:46 - app.modules.email.service - INFO - Auto F&F Email Sender: No F&F document found yet for employee Sathishkumar M (30144818). Skipping.
23-07-26 16:54:46 - app.modules.email.service - INFO - Auto F&F Email Sender: No F&F document found yet for employee Debashis Mallick (30148752). Skipping.
23-07-26 16:54:46 - app.modules.email.service - INFO - Auto F&F Email Sender: No F&F document found yet for employee Kumararaja Sankaran (30115935). Skipping.
23-07-26 16:54:46 - app.modules.email.service - INFO - Auto F&F Email Sender: No F&F document found yet for employee Shambhu Gupta (30165032). Skipping.
23-07-26 16:54:46 - app.modules.email.service - INFO - Auto F&F Email Sender: No F&F document found yet for employee Ramesh R (30125168). Skipping.
23-07-26 16:54:46 - app.modules.email.service - INFO - Auto F&F Email Sender: No F&F document found yet for employee Ankit Badwaik (30066491). Skipping.
23-07-26 16:54:46 - app.modules.email.service - INFO - Auto F&F Email Sender: No F&F document found yet for employee Mallesh Gangarapu (30134432). Skipping.
23-07-26 16:54:46 - app.modules.email.service - INFO - Auto F&F Email Sender: No F&F document found yet for employee Karan Hingrajia (30073541). Skipping.
23-07-26 16:54:46 - app.modules.email.service - INFO - Auto F&F Email Sender: No F&F document found yet for employee Sravan Kumar Vadlakonda (30144882). Skipping.
23-07-26 16:54:46 - app.modules.email.service - INFO - Auto F&F Email Sender: No F&F document found yet for employee Nikunjkumar Gohil (30146461). Skipping.
23-07-26 16:54:46 - app.modules.email.service - INFO - Auto F&F Email Sender: No F&F document found yet for employee Abhishek Kumar Singh (30146460). Skipping.
23-07-26 16:54:46 - app.modules.email.service - INFO - Auto F&F Email Sender: No F&F document found yet for employee Romank Joshi (30143608). Skipping.
23-07-26 16:54:46 - app.modules.email.service - INFO - Auto F&F Email Sender: No F&F document found yet for employee Kancharla Ramu (30149192). Skipping.
23-07-26 16:54:46 - app.modules.email.service - INFO - Auto F&F Email Sender: No F&F document found yet for employee Ashish Vijaywargi (30015728). Skipping.
23-07-26 16:54:46 - app.modules.email.service - INFO - Auto F&F Email Sender: No F&F document found yet for employee Subhash Chouhan (30132979). Skipping.
23-07-26 16:54:46 - app.modules.email.service - INFO - Auto F&F Email Sender: No F&F document found yet for employee Prakhar Bhardwaj (30055113). Skipping.
23-07-26 16:54:46 - app.modules.email.service - INFO - Auto F&F Email Sender: No F&F document found yet for employee Ananth Raju (30166392). Skipping.
23-07-26 16:54:46 - app.modules.email.service - INFO - Auto F&F Email Sender: No F&F document found yet for employee Deepsingh Rajput (30020705). Skipping.
23-07-26 16:54:46 - app.modules.email.service - INFO - Auto F&F Email Sender: No F&F document found yet for employee Naveen Kumar Singh (30175638). Skipping.
23-07-26 16:54:46 - app.modules.email.service - INFO - Auto F&F Email Sender: No F&F document found yet for employee Dinesh Chahar (30121463). Skipping.
23-07-26 16:54:46 - app.modules.email.service - INFO - Auto F&F Email Sender: No F&F document found yet for employee Anil Kumar (30141689). Skipping.
23-07-26 16:54:46 - app.modules.email.service - INFO - Auto F&F Email Sender: No F&F document found yet for employee Vipin Gaur (30121931). Skipping.
23-07-26 16:54:46 - app.modules.email.service - INFO - Auto F&F Email Sender: No F&F document found yet for employee Manoj Kumar Singh (30135169). Skipping.
23-07-26 16:54:46 - app.modules.email.service - INFO - Auto F&F Email Sender: No F&F document found yet for employee Atul Mishra (30146965). Skipping.
23-07-26 16:54:46 - app.modules.email.service - INFO - Auto F&F Email Sender: No F&F document found yet for employee Annavarapu Srikanth (30126438). Skipping.
23-07-26 16:54:46 - app.modules.email.service - INFO - Auto F&F Email Sender: No F&F document found yet for employee Sharad Singh (30031097). Skipping.
23-07-26 16:54:46 - app.modules.email.service - INFO - Auto F&F Email Sender: No F&F document found yet for employee Narendra Kumar Mahanta (30148093). Skipping.
23-07-26 16:54:46 - app.modules.email.service - INFO - Auto F&F Email Sender: No F&F document found yet for employee G Pullapuraju (30143609). Skipping.
23-07-26 16:54:46 - app.modules.email.service - INFO - Auto F&F Email Sender: No F&F document found yet for employee Devendrakumar Parihar (30062812). Skipping.
23-07-26 16:54:46 - app.modules.email.service - INFO - Auto F&F Email Sender: No F&F document found yet for employee Maunank Darji (30018452). Skipping.
23-07-26 16:54:46 - app.modules.email.service - INFO - Auto F&F Email Sender: No F&F document found yet for employee Bhupendra Kumar Suman (30127989). Skipping.
23-07-26 16:54:46 - app.modules.email.service - INFO - Auto F&F Email Sender: No F&F document found yet for employee Mukul Dabhi (30140601). Skipping.
23-07-26 16:54:46 - app.modules.email.service - INFO - Auto F&F Email Sender: No F&F document found yet for employee Pradyuman Singh (30128262). Skipping.
23-07-26 16:54:46 - app.modules.email.service - INFO - Auto F&F Email Sender: No F&F document found yet for employee Vikas Deep Sisodiya (30199478). Skipping.
23-07-26 16:54:46 - app.modules.email.service - INFO - Auto F&F Email Sender: No F&F document found yet for employee Shiva Mishra (30176105). Skipping.
23-07-26 16:54:46 - app.modules.email.service - INFO - Auto F&F Email Sender: No F&F document found yet for employee Dhaval Bhatti (30115522). Skipping.
23-07-26 16:54:46 - app.modules.email.service - INFO - Auto F&F Email Sender: No F&F document found yet for employee Rishabh Pareek (30092312). Skipping.
23-07-26 16:54:46 - app.modules.email.service - INFO - Auto F&F Email Sender: No F&F document found yet for employee LokeshKumar Sharma (30132980). Skipping.
23-07-26 16:54:46 - app.modules.email.service - INFO - Auto F&F Email Sender: No F&F document found yet for employee Rishabh Saxena (30151967). Skipping.
23-07-26 16:54:46 - app.modules.email.service - INFO - Auto F&F Email Sender: No F&F document found yet for employee Vinod Gundawar (30028616). Skipping.
23-07-26 16:54:46 - app.modules.email.service - INFO - Auto F&F Email Sender: No F&F document found yet for employee Kishan Meghnathi (30119040). Skipping.
23-07-26 16:54:46 - app.modules.email.service - INFO - Auto F&F Email Sender: No F&F document found yet for employee Devanshu Agarwal (30128006). Skipping.
23-07-26 16:54:46 - app.modules.email.service - INFO - Auto F&F Email Sender: No F&F document found yet for employee Shailendra Kumar (30079146). Skipping.
23-07-26 16:54:46 - app.cron_jobs.fnf.completed_sync - INFO - Background F&F Scheduler: No F&F status changes detected.
23-07-26 16:55:35 - uvicorn.error - INFO - Shutting down
23-07-26 16:55:35 - uvicorn.error - INFO - Shutting down
23-07-26 16:55:35 - uvicorn.error - INFO - Waiting for application shutdown.
23-07-26 16:55:35 - uvicorn.error - INFO - Waiting for application shutdown.
23-07-26 16:55:35 - app.cron_jobs.sharepoint.sync - INFO - Background Scheduler sleep cancelled.
23-07-26 16:55:35 - app.cron_jobs.fnf.completed_sync - INFO - Background F&F Scheduler sleep cancelled.
23-07-26 16:55:35 - app.cron_jobs.fnf.closed_report - INFO - FNF Closed Report Scheduler sleep cancelled.
23-07-26 16:55:35 - app.cron_jobs.email.automation - INFO - Background Email Scheduler sleep cancelled.
23-07-26 16:55:35 - uvicorn.error - INFO - Application shutdown complete.
23-07-26 16:55:35 - uvicorn.error - INFO - Application shutdown complete.
23-07-26 16:55:35 - uvicorn.error - INFO - Finished server process [6304]
23-07-26 16:55:35 - uvicorn.error - INFO - Finished server process [6304]
